<?xml version="1.0" encoding="UTF-8"?>
<!-- Generated by org.testng.reporters.JUnitXMLReporter -->
<testsuite ignored="0" hostname="ANKITA" failures="0" tests="3" name="HomePageTestCase" time="15.2" errors="0" timestamp="2024-07-24T10:37:08 IST">
  <testcase classname="com.CRM.TestCases.HomePageTestCase" name="verifyUrl" time="0.147"/>
  <testcase classname="com.CRM.TestCases.HomePageTestCase" name="verifyTitle" time="0.038"/>
  <testcase classname="com.CRM.TestCases.HomePageTestCase" name="validateSigninLink" time="0.901"/>
</testsuite> <!-- HomePageTestCase -->
