<?xml version="1.0" encoding="UTF-8"?>
<!-- Generated by org.testng.reporters.JUnitXMLReporter -->
<testsuite ignored="0" hostname="ANKITA" failures="0" tests="3" name="HomePageTestCase" time="13.343" errors="0" timestamp="2024-07-24T14:35:41 IST">
  <testcase classname="com.CRM.TestCases.HomePageTestCase" name="verifyUrl" time="0.601"/>
  <testcase classname="com.CRM.TestCases.HomePageTestCase" name="verifyTitle" time="0.032"/>
  <testcase classname="com.CRM.TestCases.HomePageTestCase" name="validateSigninLink" time="1.888"/>
</testsuite> <!-- HomePageTestCase -->
