<?xml version="1.0" encoding="UTF-8"?>
<!-- Generated by org.testng.reporters.JUnitXMLReporter -->
<testsuite ignored="0" hostname="ANKITA" failures="0" tests="3" name="HomePageTestCase" time="14.246" errors="0" timestamp="2024-07-24T11:17:19 IST">
  <testcase classname="com.CRM.TestCases.HomePageTestCase" name="verifyUrl" time="0.109"/>
  <testcase classname="com.CRM.TestCases.HomePageTestCase" name="verifyTitle" time="0.046"/>
  <testcase classname="com.CRM.TestCases.HomePageTestCase" name="validateSigninLink" time="1.145"/>
</testsuite> <!-- HomePageTestCase -->
