<?xml version="1.0" encoding="UTF-8"?>
<testng-results ignored="0" total="4" passed="4" failed="0" skipped="0">
  <reporter-output>
  </reporter-output>
  <suite started-at="2024-07-24T13:58:17 IST" name="Suite" finished-at="2024-07-24T13:58:48 IST" duration-ms="31214">
    <groups>
    </groups>
    <test started-at="2024-07-24T13:58:17 IST" name="HomePageTestCase" finished-at="2024-07-24T13:58:35 IST" duration-ms="17913">
      <class name="com.CRM.TestCases.HomePageTestCase">
        <test-method is-config="true" signature="setup()[pri:0, instance:com.CRM.TestCases.HomePageTestCase@6b4a4e18]" started-at="2024-07-24T13:58:17 IST" name="setup" finished-at="2024-07-24T13:58:32 IST" duration-ms="15667" status="PASS">
          <reporter-output>
          </reporter-output>
        </test-method> <!-- setup -->
        <test-method signature="verifyUrl()[pri:1, instance:com.CRM.TestCases.HomePageTestCase@6b4a4e18]" started-at="2024-07-24T13:58:33 IST" name="verifyUrl" finished-at="2024-07-24T13:58:33 IST" duration-ms="761" status="PASS">
          <reporter-output>
          </reporter-output>
        </test-method> <!-- verifyUrl -->
        <test-method signature="verifyTitle()[pri:2, instance:com.CRM.TestCases.HomePageTestCase@6b4a4e18]" started-at="2024-07-24T13:58:33 IST" name="verifyTitle" finished-at="2024-07-24T13:58:33 IST" duration-ms="36" status="PASS">
          <reporter-output>
          </reporter-output>
        </test-method> <!-- verifyTitle -->
        <test-method signature="validateSigninLink()[pri:3, instance:com.CRM.TestCases.HomePageTestCase@6b4a4e18]" started-at="2024-07-24T13:58:33 IST" name="validateSigninLink" finished-at="2024-07-24T13:58:35 IST" duration-ms="1278" status="PASS">
          <reporter-output>
          </reporter-output>
        </test-method> <!-- validateSigninLink -->
      </class> <!-- com.CRM.TestCases.HomePageTestCase -->
    </test> <!-- HomePageTestCase -->
    <test started-at="2024-07-24T13:58:35 IST" name="LoginPageTest" finished-at="2024-07-24T13:58:48 IST" duration-ms="13087">
      <class name="com.CRM.TestCases.LoginPageTestCase">
        <test-method is-config="true" signature="setup()[pri:0, instance:com.CRM.TestCases.LoginPageTestCase@3b07a0d6]" started-at="2024-07-24T13:58:35 IST" name="setup" finished-at="2024-07-24T13:58:44 IST" duration-ms="8690" status="PASS">
          <reporter-output>
          </reporter-output>
        </test-method> <!-- setup -->
        <test-method is-config="true" signature="pageSetup()[pri:0, instance:com.CRM.TestCases.LoginPageTestCase@3b07a0d6]" started-at="2024-07-24T13:58:44 IST" name="pageSetup" finished-at="2024-07-24T13:58:45 IST" duration-ms="1316" status="PASS">
          <reporter-output>
          </reporter-output>
        </test-method> <!-- pageSetup -->
        <test-method signature="validateLogin()[pri:0, instance:com.CRM.TestCases.LoginPageTestCase@3b07a0d6]" started-at="2024-07-24T13:58:45 IST" name="validateLogin" finished-at="2024-07-24T13:58:48 IST" duration-ms="3074" status="PASS">
          <reporter-output>
          </reporter-output>
        </test-method> <!-- validateLogin -->
      </class> <!-- com.CRM.TestCases.LoginPageTestCase -->
    </test> <!-- LoginPageTest -->
  </suite> <!-- Suite -->
</testng-results>
