<?xml version="1.0" encoding="UTF-8"?>
<testng-results ignored="0" total="4" passed="4" failed="0" skipped="0">
  <reporter-output>
  </reporter-output>
  <suite started-at="2024-07-24T11:17:04 IST" name="Suite" finished-at="2024-07-24T11:17:34 IST" duration-ms="29318">
    <groups>
    </groups>
    <test started-at="2024-07-24T11:17:04 IST" name="HomePageTestCase" finished-at="2024-07-24T11:17:19 IST" duration-ms="14246">
      <class name="com.CRM.TestCases.HomePageTestCase">
        <test-method is-config="true" signature="setup()[pri:0, instance:com.CRM.TestCases.HomePageTestCase@776b83cc]" started-at="2024-07-24T11:17:04 IST" name="setup" finished-at="2024-07-24T11:17:17 IST" duration-ms="12825" status="PASS">
          <reporter-output>
          </reporter-output>
        </test-method> <!-- setup -->
        <test-method signature="verifyUrl()[pri:1, instance:com.CRM.TestCases.HomePageTestCase@776b83cc]" started-at="2024-07-24T11:17:17 IST" name="verifyUrl" finished-at="2024-07-24T11:17:17 IST" duration-ms="109" status="PASS">
          <reporter-output>
          </reporter-output>
        </test-method> <!-- verifyUrl -->
        <test-method signature="verifyTitle()[pri:2, instance:com.CRM.TestCases.HomePageTestCase@776b83cc]" started-at="2024-07-24T11:17:17 IST" name="verifyTitle" finished-at="2024-07-24T11:17:17 IST" duration-ms="46" status="PASS">
          <reporter-output>
          </reporter-output>
        </test-method> <!-- verifyTitle -->
        <test-method signature="validateSigninLink()[pri:3, instance:com.CRM.TestCases.HomePageTestCase@776b83cc]" started-at="2024-07-24T11:17:17 IST" name="validateSigninLink" finished-at="2024-07-24T11:17:19 IST" duration-ms="1145" status="PASS">
          <reporter-output>
          </reporter-output>
        </test-method> <!-- validateSigninLink -->
      </class> <!-- com.CRM.TestCases.HomePageTestCase -->
    </test> <!-- HomePageTestCase -->
    <test started-at="2024-07-24T11:17:19 IST" name="LoginPageTest" finished-at="2024-07-24T11:17:34 IST" duration-ms="14845">
      <class name="com.CRM.TestCases.LoginPageTestCase">
        <test-method is-config="true" signature="setup()[pri:0, instance:com.CRM.TestCases.LoginPageTestCase@6b8ca3c8]" started-at="2024-07-24T11:17:19 IST" name="setup" finished-at="2024-07-24T11:17:29 IST" duration-ms="9712" status="PASS">
          <reporter-output>
          </reporter-output>
        </test-method> <!-- setup -->
        <test-method is-config="true" signature="pageSetup()[pri:0, instance:com.CRM.TestCases.LoginPageTestCase@6b8ca3c8]" started-at="2024-07-24T11:17:29 IST" name="pageSetup" finished-at="2024-07-24T11:17:31 IST" duration-ms="2264" status="PASS">
          <reporter-output>
          </reporter-output>
        </test-method> <!-- pageSetup -->
        <test-method signature="validateLogin()[pri:0, instance:com.CRM.TestCases.LoginPageTestCase@6b8ca3c8]" started-at="2024-07-24T11:17:31 IST" name="validateLogin" finished-at="2024-07-24T11:17:34 IST" duration-ms="2863" status="PASS">
          <reporter-output>
          </reporter-output>
        </test-method> <!-- validateLogin -->
      </class> <!-- com.CRM.TestCases.LoginPageTestCase -->
    </test> <!-- LoginPageTest -->
  </suite> <!-- Suite -->
</testng-results>
