<?xml version="1.0" encoding="UTF-8"?>
<testsuite xmlns:xsi="http://www.w3.org/2001/XMLSchema-instance" xsi:noNamespaceSchemaLocation="https://maven.apache.org/surefire/maven-surefire-plugin/xsd/surefire-test-report.xsd" version="3.0.2" name="TestSuite" time="31.287" tests="4" errors="0" skipped="0" failures="0">
  <properties>
[...]
</properties>
  <testcase name="verifyUrl" classname="com.CRM.TestCases.HomePageTestCase" time="0.128">
    <system-out><![CDATA[Test pass: URL matched!
]]></system-out>
  </testcase>
  <testcase name="verifyTitle" classname="com.CRM.TestCases.HomePageTestCase" time="0.038">
    <system-out><![CDATA[Test pass! Title matched
]]></system-out>
  </testcase>
  <testcase name="validateSigninLink" classname="com.CRM.TestCases.HomePageTestCase" time="1.161">
    <system-out><![CDATA[Test Pass : Application navigating to login page
]]></system-out>
  </testcase>
  <testcase name="validateLogin" classname="com.CRM.TestCases.LoginPageTestCase" time="2.869">
    <system-out><![CDATA[Test Pass: login completed
]]></system-out>
  </testcase>
</testsuite>