<?xml version="1.0" encoding="UTF-8"?>
<testsuite xmlns:xsi="http://www.w3.org/2001/XMLSchema-instance" xsi:noNamespaceSchemaLocation="https://maven.apache.org/surefire/maven-surefire-plugin/xsd/surefire-test-report.xsd" version="3.0.2" name="TestSuite" time="32.742" tests="4" errors="0" skipped="0" failures="0">
  <properties>
[...]
</properties>
  <testcase name="verifyUrl" classname="com.CRM.TestCases.HomePageTestCase" time="0.771">
    <system-out><![CDATA[Test pass: URL matched!
]]></system-out>
  </testcase>
  <testcase name="verifyTitle" classname="com.CRM.TestCases.HomePageTestCase" time="0.024">
    <system-out><![CDATA[Test pass! Title matched
]]></system-out>
  </testcase>
  <testcase name="validateSigninLink" classname="com.CRM.TestCases.HomePageTestCase" time="1.272">
    <system-out><![CDATA[Test Pass : Application navigating to login page
]]></system-out>
  </testcase>
  <testcase name="validateLogin" classname="com.CRM.TestCases.LoginPageTestCase" time="3.075">
    <system-out><![CDATA[Test Pass: login completed
]]></system-out>
  </testcase>
</testsuite>