<?xml version="1.0" encoding="UTF-8"?>
<testng-results ignored="0" total="4" passed="4" failed="0" skipped="0">
  <reporter-output>
  </reporter-output>
  <suite started-at="2024-07-24T10:36:52 IST" name="Suite" finished-at="2024-07-24T10:37:17 IST" duration-ms="24620">
    <groups>
    </groups>
    <test started-at="2024-07-24T10:36:52 IST" name="HomePageTestCase" finished-at="2024-07-24T10:37:08 IST" duration-ms="15200">
      <class name="com.CRM.TestCases.HomePageTestCase">
        <test-method is-config="true" signature="setup()[pri:0, instance:com.CRM.TestCases.HomePageTestCase@1e6454ec]" started-at="2024-07-24T10:36:52 IST" name="setup" finished-at="2024-07-24T10:37:06 IST" duration-ms="13964" status="PASS">
          <reporter-output>
          </reporter-output>
        </test-method> <!-- setup -->
        <test-method signature="verifyUrl()[pri:1, instance:com.CRM.TestCases.HomePageTestCase@1e6454ec]" started-at="2024-07-24T10:37:06 IST" name="verifyUrl" finished-at="2024-07-24T10:37:07 IST" duration-ms="147" status="PASS">
          <reporter-output>
          </reporter-output>
        </test-method> <!-- verifyUrl -->
        <test-method signature="verifyTitle()[pri:2, instance:com.CRM.TestCases.HomePageTestCase@1e6454ec]" started-at="2024-07-24T10:37:07 IST" name="verifyTitle" finished-at="2024-07-24T10:37:07 IST" duration-ms="38" status="PASS">
          <reporter-output>
          </reporter-output>
        </test-method> <!-- verifyTitle -->
        <test-method signature="validateSigninLink()[pri:3, instance:com.CRM.TestCases.HomePageTestCase@1e6454ec]" started-at="2024-07-24T10:37:07 IST" name="validateSigninLink" finished-at="2024-07-24T10:37:07 IST" duration-ms="901" status="PASS">
          <reporter-output>
          </reporter-output>
        </test-method> <!-- validateSigninLink -->
      </class> <!-- com.CRM.TestCases.HomePageTestCase -->
    </test> <!-- HomePageTestCase -->
    <test started-at="2024-07-24T10:37:08 IST" name="LoginPageTest" finished-at="2024-07-24T10:37:17 IST" duration-ms="9097">
      <class name="com.CRM.TestCases.LoginPageTestCase">
        <test-method is-config="true" signature="setup()[pri:0, instance:com.CRM.TestCases.LoginPageTestCase@7ea9e1e2]" started-at="2024-07-24T10:37:08 IST" name="setup" finished-at="2024-07-24T10:37:14 IST" duration-ms="6459" status="PASS">
          <reporter-output>
          </reporter-output>
        </test-method> <!-- setup -->
        <test-method is-config="true" signature="pageSetup()[pri:0, instance:com.CRM.TestCases.LoginPageTestCase@7ea9e1e2]" started-at="2024-07-24T10:37:14 IST" name="pageSetup" finished-at="2024-07-24T10:37:16 IST" duration-ms="1206" status="PASS">
          <reporter-output>
          </reporter-output>
        </test-method> <!-- pageSetup -->
        <test-method signature="validateLogin()[pri:0, instance:com.CRM.TestCases.LoginPageTestCase@7ea9e1e2]" started-at="2024-07-24T10:37:16 IST" name="validateLogin" finished-at="2024-07-24T10:37:17 IST" duration-ms="1400" status="PASS">
          <reporter-output>
          </reporter-output>
        </test-method> <!-- validateLogin -->
      </class> <!-- com.CRM.TestCases.LoginPageTestCase -->
    </test> <!-- LoginPageTest -->
  </suite> <!-- Suite -->
</testng-results>
